<?xml version="1.0" encoding="UTF-8"?>
<!-- Generated by org.testng.reporters.JUnitReportReporter -->
<testsuite hostname="DESKTOP-1SFM1CA" name="test.pack.Login_Test" tests="5" failures="0" timestamp="7 May 2019 12:56:09 GMT" time="34.619" errors="0">
  <testcase name="logintest" time="7.825" classname="test.pack.Login_Test"/>
  <testcase name="logintest" time="6.612" classname="test.pack.Login_Test"/>
  <testcase name="logintest" time="6.850" classname="test.pack.Login_Test"/>
  <testcase name="logintest" time="6.712" classname="test.pack.Login_Test"/>
  <testcase name="logintest" time="6.620" classname="test.pack.Login_Test"/>
</testsuite> <!-- test.pack.Login_Test -->
